<?xml version="1.0" encoding="UTF-8"?>
<!-- Generated by org.testng.reporters.JUnitReportReporter -->
<testsuite hostname="SNJ22" failures="0" tests="2" name="CMMS.Testcases" time="14.254" errors="1" timestamp="07 May 2024 12:25:58 GMT" skipped="1">
  <testcase classname="CMMS.Testcases" name="servicestart" time="14.254">
    <error message="Could not start a new session. Response code 500. Message: An unknown server-side error occurred while processing the command. Original error: A new session could not be created. Details: session not created: This version of ChromeDriver only supports Chrome version 123
Current browser version is 103.0.5060.71 with package name com.android.chrome 
Host info: host: &#039;SNJ22&#039;, ip: &#039;192.168.42.12&#039;
Build info: version: &#039;4.20.0&#039;, revision: &#039;866c76ca80&#039;
System info: os.name: &#039;Windows 11&#039;, os.arch: &#039;amd64&#039;, os.version: &#039;10.0&#039;, java.version: &#039;17.0.8&#039;
Driver info: io.appium.java_client.android.AndroidDriver
Command: [null, newSession {desiredCapabilities=Capabilities {appium:automationName: UIAutomator2, appium:chromedriverExecutable: C://Users//wwwsa//Downloads..., appium:deviceName: Sanjay Emulator, browserName: Chrome, platformName: ANDROID}, capabilities=[{appium:chromedriverExecutable=C://Users//wwwsa//Downloads//chromedriver-win64 (4)//chromedriver-win64//chromedriver.exe, appium:automationName=UIAutomator2, platformName=ANDROID, browserName=Chrome, appium:deviceName=Sanjay Emulator}]}]
Capabilities {appium:automationName: UIAutomator2, appium:chromedriverExecutable: C://Users//wwwsa//Downloads..., appium:deviceName: Sanjay Emulator, browserName: Chrome, platformName: ANDROID}" type="org.openqa.selenium.SessionNotCreatedException">
      <![CDATA[org.openqa.selenium.SessionNotCreatedException: Could not start a new session. Response code 500. Message: An unknown server-side error occurred while processing the command. Original error: A new session could not be created. Details: session not created: This version of ChromeDriver only supports Chrome version 123
Current browser version is 103.0.5060.71 with package name com.android.chrome 
Host info: host: 'SNJ22', ip: '192.168.42.12'
Build info: version: '4.20.0', revision: '866c76ca80'
System info: os.name: 'Windows 11', os.arch: 'amd64', os.version: '10.0', java.version: '17.0.8'
Driver info: io.appium.java_client.android.AndroidDriver
Command: [null, newSession {desiredCapabilities=Capabilities {appium:automationName: UIAutomator2, appium:chromedriverExecutable: C://Users//wwwsa//Downloads..., appium:deviceName: Sanjay Emulator, browserName: Chrome, platformName: ANDROID}, capabilities=[{appium:chromedriverExecutable=C://Users//wwwsa//Downloads//chromedriver-win64 (4)//chromedriver-win64//chromedriver.exe, appium:automationName=UIAutomator2, platformName=ANDROID, browserName=Chrome, appium:deviceName=Sanjay Emulator}]}]
Capabilities {appium:automationName: UIAutomator2, appium:chromedriverExecutable: C://Users//wwwsa//Downloads..., appium:deviceName: Sanjay Emulator, browserName: Chrome, platformName: ANDROID}
at org.openqa.selenium.remote.ProtocolHandshake.createSession(ProtocolHandshake.java:114)
at java.base/jdk.internal.reflect.NativeMethodAccessorImpl.invoke0(Native Method)
at java.base/jdk.internal.reflect.NativeMethodAccessorImpl.invoke(NativeMethodAccessorImpl.java:77)
at java.base/jdk.internal.reflect.DelegatingMethodAccessorImpl.invoke(DelegatingMethodAccessorImpl.java:43)
at java.base/java.lang.reflect.Method.invoke(Method.java:568)
at io.appium.java_client.remote.AppiumProtocolHandshake.createSession(AppiumProtocolHandshake.java:116)
at io.appium.java_client.remote.AppiumProtocolHandshake.createSession(AppiumProtocolHandshake.java:96)
at io.appium.java_client.remote.AppiumCommandExecutor.createSession(AppiumCommandExecutor.java:176)
at io.appium.java_client.remote.AppiumCommandExecutor.execute(AppiumCommandExecutor.java:237)
at org.openqa.selenium.remote.RemoteWebDriver.execute(RemoteWebDriver.java:518)
at io.appium.java_client.AppiumDriver.startSession(AppiumDriver.java:268)
at org.openqa.selenium.remote.RemoteWebDriver.<init>(RemoteWebDriver.java:161)
at io.appium.java_client.AppiumDriver.<init>(AppiumDriver.java:90)
at io.appium.java_client.AppiumDriver.<init>(AppiumDriver.java:102)
at io.appium.java_client.android.AndroidDriver.<init>(AndroidDriver.java:109)
at CMMS.Configuration.servicestart(Configuration.java:41)
at java.base/jdk.internal.reflect.NativeMethodAccessorImpl.invoke0(Native Method)
at java.base/jdk.internal.reflect.NativeMethodAccessorImpl.invoke(NativeMethodAccessorImpl.java:77)
at java.base/jdk.internal.reflect.DelegatingMethodAccessorImpl.invoke(DelegatingMethodAccessorImpl.java:43)
at java.base/java.lang.reflect.Method.invoke(Method.java:568)
at org.testng.internal.MethodInvocationHelper.invokeMethod(MethodInvocationHelper.java:124)
at org.testng.internal.MethodInvocationHelper.invokeMethodConsideringTimeout(MethodInvocationHelper.java:59)
at org.testng.internal.Invoker.invokeConfigurationMethod(Invoker.java:458)
at org.testng.internal.Invoker.invokeConfigurations(Invoker.java:222)
at org.testng.internal.Invoker.invokeConfigurations(Invoker.java:142)
at org.testng.SuiteRunner.privateRun(SuiteRunner.java:401)
at org.testng.SuiteRunner.run(SuiteRunner.java:364)
at org.testng.SuiteRunnerWorker.runSuite(SuiteRunnerWorker.java:52)
at org.testng.SuiteRunnerWorker.run(SuiteRunnerWorker.java:84)
at org.testng.TestNG.runSuitesSequentially(TestNG.java:1208)
at org.testng.TestNG.runSuitesLocally(TestNG.java:1137)
at org.testng.TestNG.runSuites(TestNG.java:1049)
at org.testng.TestNG.run(TestNG.java:1017)
at org.testng.remote.AbstractRemoteTestNG.run(AbstractRemoteTestNG.java:115)
at org.testng.remote.RemoteTestNG.initAndRun(RemoteTestNG.java:251)
at org.testng.remote.RemoteTestNG.main(RemoteTestNG.java:77)
]]>
    </error>
  </testcase> <!-- servicestart -->
  <testcase classname="CMMS.Testcases" name="AddingAsset" time="0.000">
    <skipped/>
  </testcase> <!-- AddingAsset -->
</testsuite> <!-- CMMS.Testcases -->
